                              1 .area _CODE_3
                              2 
                              3 .globl _bigskins
                              4 
   0000 02 00                 5 .dw _bigskins
                              6 
   0002                       7 _bigskins: 
                              8 
   0002 00 FF 00 FF 00 FF     9 .db 0x00,0xFF,0x00,0xFF,0x00,0xFF,0x00,0xF
        00 0F
   000A 00 FF 00 FF 1F E0    10 .db 0x00,0xFF,0x00,0xFF,0x1F,0xE0,0x1F,0xE0
        1F E0
   0012 1F E0 1F E3 1F E3    11 .db 0x1F,0xE0,0x1F,0xE3,0x1F,0xE3,0x1F,0xE3
        1F E3
   001A 00 FF 00 FF 00 FF    12 .db 0x00,0xFF,0x00,0xFF,0x00,0xFF,0x1C,0xE3
        1C E3
   0022 00 F0 00 F0 00 F0    13 .db 0x00,0xF0,0x00,0xF0,0x00,0xF0,0x00,0xF0
        00 F0
   002A 00 F0 00 F0 80 70    14 .db 0x00,0xF0,0x00,0xF0,0x80,0x70,0x80,0x70
        80 70
   0032 80 70 80 F0 80 F0    15 .db 0x80,0x70,0x80,0xF0,0x80,0xF0,0x80,0xF0
        80 F0
   003A 00 F0 00 F0 00 F0    16 .db 0x00,0xF0,0x00,0xF0,0x00,0xF0,0x00,0xF0
        00 F0
   0042 1C E3 1C E3 03 FC    17 .db 0x1C,0xE3,0x1C,0xE3,0x03,0xFC,0x03,0xFC
        03 FC
   004A 03 FC 00 FF 00 FF    18 .db 0x03,0xFC,0x00,0xFF,0x00,0xFF,0x00,0xFF
        00 FF
   0052 00 00 00 00 00 00    19 .db 0x00,0x00,0x00,0x00,0x00,0x00,0x00,0x00
        00 00
   005A 00 00 00 00 00 00    20 .db 0x00,0x00,0x00,0x00,0x00,0x00,0x00,0x00
        00 00
   0062 00 F0 00 F0 F0 00    21 .db 0x00,0xF0,0x00,0xF0,0xF0,0x00,0xF0,0x00
        F0 00
   006A F0 00 00 F0 00 F0    22 .db 0xF0,0x00,0x00,0xF0,0x00,0xF0,0x00,0xF0
        00 F0
   0072 00 00 00 00 00 00    23 .db 0x00,0x00,0x00,0x00,0x00,0x00,0x00,0x00
        00 00
   007A 00 00 00 00 00 00    24 .db 0x00,0x00,0x00,0x00,0x00,0x00,0x00,0x00
        00 00
   0082 00 FF 00 FF 00 FF    25 .db 0x00,0xFF,0x00,0xFF,0x00,0xFF,0x00,0xFF
        00 FF
   008A 00 FF 07 F8 07 F8    26 .db 0x00,0xFF,0x07,0xF8,0x07,0xF8,0x07,0xF8
        07 F8
   0092 00 FF 00 FF 00 FF    27 .db 0x00,0xFF,0x00,0xFF,0x00,0xFF,0x00,0xFF
        00 FF
   009A 00 FF 1C E3 1C E3    28 .db 0x00,0xFF,0x1C,0xE3,0x1C,0xE3,0x1C,0xE3
        1C E3
   00A2 00 F0 00 F0 00 F0    29 .db 0x00,0xF0,0x00,0xF0,0x00,0xF0,0x00,0xF0
        00 F0
   00AA 00 F0 00 F0 00 F0    30 .db 0x00,0xF0,0x00,0xF0,0x00,0xF0,0x00,0xF0
        00 F0
   00B2 00 F0 00 F0 00 F0    31 .db 0x00,0xF0,0x00,0xF0,0x00,0xF0,0x00,0xF0
        00 F0
   00BA 00 F0 00 F0 00 F0    32 .db 0x00,0xF0,0x00,0xF0,0x00,0xF0,0x00,0xF0
        00 F0
   00C2 03 FC 03 FC 03 FC    33 .db 0x03,0xFC,0x03,0xFC,0x03,0xFC,0x00,0xFF
        00 FF
   00CA 00 FF 00 FF 00 FF    34 .db 0x00,0xFF,0x00,0xFF,0x00,0xFF,0x00,0xFF
        00 FF
   00D2 00 00 00 00 00 00    35 .db 0x00,0x00,0x00,0x00,0x00,0x00,0x00,0x00
        00 00
   00DA 00 00 00 00 00 00    36 .db 0x00,0x00,0x00,0x00,0x00,0x00,0x00,0x00
        00 00
   00E2 F0 00 F0 00 F0 00    37 .db 0xF0,0x00,0xF0,0x00,0xF0,0x00,0x00,0xF0
        00 F0
   00EA 00 F0 00 F0 00 F0    38 .db 0x00,0xF0,0x00,0xF0,0x00,0xF0,0x00,0xF0
        00 F0
   00F2 00 00 00 00 00 00    39 .db 0x00,0x00,0x00,0x00,0x00,0x00,0x00,0x00
        00 00
   00FA 00 00 00 00 00 00    40 .db 0x00,0x00,0x00,0x00,0x00,0x00,0x00,0x00
        00 00
   0102 00 FF 00 FF 00 FF    41 .db 0x00,0xFF,0x00,0xFF,0x00,0xFF,0x00,0xFF
        00 FF
   010A 00 FF 04 FB 06 F9    42 .db 0x00,0xFF,0x04,0xFB,0x06,0xF9,0x07,0xF8
        07 F8
   0112 07 F8 00 FF 00 FF    43 .db 0x07,0xF8,0x00,0xFF,0x00,0xFF,0x00,0xFF
        00 FF
   011A 00 FF 1C E3 1C E3    44 .db 0x00,0xFF,0x1C,0xE3,0x1C,0xE3,0x1C,0xE3
        1C E3
   0122 00 F0 00 F0 00 F0    45 .db 0x00,0xF0,0x00,0xF0,0x00,0xF0,0x00,0xF0
        00 F0
   012A 00 F0 00 F0 00 F0    46 .db 0x00,0xF0,0x00,0xF0,0x00,0xF0,0x00,0xF0
        00 F0
   0132 80 70 00 F0 00 F0    47 .db 0x80,0x70,0x00,0xF0,0x00,0xF0,0x00,0xF0
        00 F0
   013A 00 F0 00 F0 00 F0    48 .db 0x00,0xF0,0x00,0xF0,0x00,0xF0,0x00,0xF0
        00 F0
   0142 03 FC 03 FC 01 FE    49 .db 0x03,0xFC,0x03,0xFC,0x01,0xFE,0x00,0xFF
        00 FF
   014A 00 FF 00 FF 00 FF    50 .db 0x00,0xFF,0x00,0xFF,0x00,0xFF,0x00,0xFF
        00 FF
   0152 00 00 00 00 00 00    51 .db 0x00,0x00,0x00,0x00,0x00,0x00,0x00,0x00
        00 00
   015A 00 00 00 00 00 00    52 .db 0x00,0x00,0x00,0x00,0x00,0x00,0x00,0x00
        00 00
   0162 F0 00 E0 10 C0 30    53 .db 0xF0,0x00,0xE0,0x10,0xC0,0x30,0x80,0x70
        80 70
   016A 00 F0 00 F0 00 F0    54 .db 0x00,0xF0,0x00,0xF0,0x00,0xF0,0x00,0xF0
        00 F0
   0172 00 00 00 00 00 00    55 .db 0x00,0x00,0x00,0x00,0x00,0x00,0x00,0x00
        00 00
   017A 00 00 00 00 00 00    56 .db 0x00,0x00,0x00,0x00,0x00,0x00,0x00,0x00
        00 00
   0182 FF 00 FF 00 FF 00    57 .db 0xFF,0x00,0xFF,0x00,0xFF,0x00,0xFF,0x00
        FF 00
   018A FF 00 FF 00 E0 1F    58 .db 0xFF,0x00,0xFF,0x00,0xE0,0x1F,0xE0,0x1F
        E0 1F
   0192 E0 1F FF 00 FF 00    59 .db 0xE0,0x1F,0xFF,0x00,0xFF,0x00,0xFF,0x00
        FF 00
   019A FF 00 FF 00 FF 00    60 .db 0xFF,0x00,0xFF,0x00,0xFF,0x00,0x03,0xFC
        03 FC
   01A2 F0 00 F0 00 F0 00    61 .db 0xF0,0x00,0xF0,0x00,0xF0,0x00,0xF0,0x00
        F0 00
   01AA F0 00 F0 00 70 80    62 .db 0xF0,0x00,0xF0,0x00,0x70,0x80,0x70,0x80
        70 80
   01B2 70 80 F0 00 F0 00    63 .db 0x70,0x80,0xF0,0x00,0xF0,0x00,0xF0,0x00
        F0 00
   01BA F0 00 F0 00 F0 00    64 .db 0xF0,0x00,0xF0,0x00,0xF0,0x00,0x80,0x70
        80 70
   01C2 03 FC 03 FC 03 FC    65 .db 0x03,0xFC,0x03,0xFC,0x03,0xFC,0x03,0xFC
        03 FC
   01CA 03 FC FF 00 FF 00    66 .db 0x03,0xFC,0xFF,0x00,0xFF,0x00,0xFF,0x00
        FF 00
   01D2 00 00 00 00 00 00    67 .db 0x00,0x00,0x00,0x00,0x00,0x00,0x00,0x00
        00 00
   01DA 00 00 00 00 00 00    68 .db 0x00,0x00,0x00,0x00,0x00,0x00,0x00,0x00
        00 00
   01E2 80 70 80 70 80 70    69 .db 0x80,0x70,0x80,0x70,0x80,0x70,0x80,0x70
        80 70
   01EA 80 70 F0 00 F0 00    70 .db 0x80,0x70,0xF0,0x00,0xF0,0x00,0xF0,0x00
        F0 00
   01F2 00 00 00 00 00 00    71 .db 0x00,0x00,0x00,0x00,0x00,0x00,0x00,0x00
        00 00
   01FA 00 00 00 00 00 00    72 .db 0x00,0x00,0x00,0x00,0x00,0x00,0x00,0x00
        00 00
ASxxxx Assembler V01.75  (GameBoy Z80-like CPU), page 1.

Symbol Table

  1 _bigskins                          0002 GR

ASxxxx Assembler V01.75  (GameBoy Z80-like CPU), page 2.

Area Table

   0 _CODE                              size    0   flags 0
   1 _CODE_3                            size  202   flags 0
